<?xml version="1.0" encoding="UTF-8"?>
<!-- Generated by org.testng.reporters.JUnitXMLReporter -->
<testsuite ignored="6" hostname="LTIN484790" failures="0" tests="9" name="Test2" time="66.91" errors="0" timestamp="2024-02-16T14:41:52 IST">
  <testcase classname="testCases.BeCognizant" name="getInfo" time="23.728"/>
  <testcase classname="testCases.BeCognizant" name="verifyOneCogni" time="10.163"/>
  <testcase classname="testCases.OneCognizant" name="searchTruTime" time="14.197"/>
  <testcase classname="testCases.OneCognizant" name="validateTruTimePage" time="10.199"/>
  <testcase classname="testCases.TruTime" name="validateCurrentMonthAndYear" time="0.041"/>
  <testcase classname="testCases.TruTime" name="validateBackDatedTopUp" time="0.041"/>
  <testcase classname="testCases.TruTime" name="printLegends" time="0.651"/>
  <testcase classname="testCases.TruTime" name="validateCurrentHighlightedDate" time="0.029"/>
  <testcase classname="testCases.TruTime" name="validateTruTimeDates" time="0.129"/>
  <testcase classname="testCases.BaseTest" name="@AfterTest tearDown" time="0.0">
    <ignored/>
  </testcase> <!-- @AfterTest tearDown -->
  <testcase classname="testCases.BaseTest" name="@BeforeTest setup" time="0.0">
    <ignored/>
  </testcase> <!-- @BeforeTest setup -->
  <testcase classname="testCases.BaseTest" name="@AfterTest tearDown" time="0.0">
    <ignored/>
  </testcase> <!-- @AfterTest tearDown -->
  <testcase classname="testCases.BaseTest" name="@BeforeTest setup" time="0.0">
    <ignored/>
  </testcase> <!-- @BeforeTest setup -->
  <testcase classname="testCases.BaseTest" name="@AfterTest tearDown" time="0.0">
    <ignored/>
  </testcase> <!-- @AfterTest tearDown -->
  <testcase classname="testCases.BaseTest" name="@BeforeTest setup" time="0.0">
    <ignored/>
  </testcase> <!-- @BeforeTest setup -->
</testsuite> <!-- Test2 -->
