<?xml version="1.0" encoding="UTF-8"?>
<!-- Generated by org.testng.reporters.JUnitXMLReporter -->
<testsuite ignored="6" hostname="LTIN484790" failures="0" tests="9" name="Test1" time="71.725" errors="0" timestamp="2024-02-16T14:40:45 IST">
  <testcase classname="testCases.BeCognizant" name="getInfo" time="23.599"/>
  <testcase classname="testCases.BeCognizant" name="verifyOneCogni" time="10.134"/>
  <testcase classname="testCases.OneCognizant" name="searchTruTime" time="15.64"/>
  <testcase classname="testCases.OneCognizant" name="validateTruTimePage" time="10.23"/>
  <testcase classname="testCases.TruTime" name="validateCurrentMonthAndYear" time="0.04"/>
  <testcase classname="testCases.TruTime" name="validateBackDatedTopUp" time="0.045"/>
  <testcase classname="testCases.TruTime" name="printLegends" time="0.873"/>
  <testcase classname="testCases.TruTime" name="validateCurrentHighlightedDate" time="0.047"/>
  <testcase classname="testCases.TruTime" name="validateTruTimeDates" time="0.362"/>
  <testcase classname="testCases.BaseTest" name="@BeforeTest setup" time="0.0">
    <ignored/>
  </testcase> <!-- @BeforeTest setup -->
  <testcase classname="testCases.BaseTest" name="@BeforeTest setup" time="0.0">
    <ignored/>
  </testcase> <!-- @BeforeTest setup -->
  <testcase classname="testCases.BaseTest" name="@BeforeTest setup" time="0.0">
    <ignored/>
  </testcase> <!-- @BeforeTest setup -->
  <testcase classname="testCases.BaseTest" name="@AfterTest tearDown" time="0.0">
    <ignored/>
  </testcase> <!-- @AfterTest tearDown -->
  <testcase classname="testCases.BaseTest" name="@AfterTest tearDown" time="0.0">
    <ignored/>
  </testcase> <!-- @AfterTest tearDown -->
  <testcase classname="testCases.BaseTest" name="@AfterTest tearDown" time="0.0">
    <ignored/>
  </testcase> <!-- @AfterTest tearDown -->
</testsuite> <!-- Test1 -->
