<?xml version="1.0" encoding="UTF-8"?>
<testng-results ignored="0" total="18" passed="18" failed="0" skipped="0">
  <reporter-output>
  </reporter-output>
  <suite started-at="2024-02-16T14:39:33 IST" name="Suite" finished-at="2024-02-16T14:41:52 IST" duration-ms="138849">
    <groups>
    </groups>
    <test started-at="2024-02-16T14:39:33 IST" name="Test1" finished-at="2024-02-16T14:40:45 IST" duration-ms="71725">
      <class name="testCases.BeCognizant">
        <test-method signature="getInfo()[pri:1, instance:testCases.BeCognizant@bccb269]" started-at="2024-02-16T14:39:43 IST" name="getInfo" finished-at="2024-02-16T14:40:07 IST" duration-ms="23599" status="PASS">
          <reporter-output>
          </reporter-output>
        </test-method> <!-- getInfo -->
        <test-method signature="verifyOneCogni()[pri:2, instance:testCases.BeCognizant@bccb269]" started-at="2024-02-16T14:40:07 IST" name="verifyOneCogni" finished-at="2024-02-16T14:40:17 IST" depends-on-methods="testCases.BeCognizant.getInfo" duration-ms="10134" status="PASS">
          <reporter-output>
          </reporter-output>
        </test-method> <!-- verifyOneCogni -->
      </class> <!-- testCases.BeCognizant -->
      <class name="testCases.BaseTest">
        <test-method is-config="true" signature="setup(java.lang.String)[pri:0, instance:testCases.BaseTest@77f1baf5]" started-at="2024-02-16T14:39:34 IST" name="setup" finished-at="2024-02-16T14:39:43 IST" duration-ms="8697" status="PASS">
          <params>
            <param index="0">
              <value>
                <![CDATA[chrome]]>
              </value>
            </param>
          </params>
          <reporter-output>
          </reporter-output>
        </test-method> <!-- setup -->
        <test-method is-config="true" signature="tearDown()[pri:0, instance:testCases.BaseTest@77f1baf5]" started-at="2024-02-16T14:40:44 IST" name="tearDown" finished-at="2024-02-16T14:40:45 IST" duration-ms="1163" status="PASS">
          <reporter-output>
          </reporter-output>
        </test-method> <!-- tearDown -->
      </class> <!-- testCases.BaseTest -->
      <class name="testCases.TruTime">
        <test-method signature="validateCurrentMonthAndYear()[pri:1, instance:testCases.TruTime@7d8704ef]" started-at="2024-02-16T14:40:43 IST" name="validateCurrentMonthAndYear" finished-at="2024-02-16T14:40:43 IST" duration-ms="40" status="PASS">
          <reporter-output>
          </reporter-output>
        </test-method> <!-- validateCurrentMonthAndYear -->
        <test-method signature="validateBackDatedTopUp()[pri:2, instance:testCases.TruTime@7d8704ef]" started-at="2024-02-16T14:40:43 IST" name="validateBackDatedTopUp" finished-at="2024-02-16T14:40:43 IST" duration-ms="45" status="PASS">
          <reporter-output>
          </reporter-output>
        </test-method> <!-- validateBackDatedTopUp -->
        <test-method signature="printLegends()[pri:3, instance:testCases.TruTime@7d8704ef]" started-at="2024-02-16T14:40:43 IST" name="printLegends" finished-at="2024-02-16T14:40:44 IST" duration-ms="873" status="PASS">
          <reporter-output>
          </reporter-output>
        </test-method> <!-- printLegends -->
        <test-method signature="validateCurrentHighlightedDate()[pri:4, instance:testCases.TruTime@7d8704ef]" started-at="2024-02-16T14:40:44 IST" name="validateCurrentHighlightedDate" finished-at="2024-02-16T14:40:44 IST" duration-ms="47" status="PASS">
          <reporter-output>
          </reporter-output>
        </test-method> <!-- validateCurrentHighlightedDate -->
        <test-method signature="validateTruTimeDates()[pri:5, instance:testCases.TruTime@7d8704ef]" started-at="2024-02-16T14:40:44 IST" name="validateTruTimeDates" finished-at="2024-02-16T14:40:44 IST" duration-ms="362" status="PASS">
          <reporter-output>
          </reporter-output>
        </test-method> <!-- validateTruTimeDates -->
      </class> <!-- testCases.TruTime -->
      <class name="testCases.OneCognizant">
        <test-method signature="searchTruTime()[pri:1, instance:testCases.OneCognizant@609cd4d8]" started-at="2024-02-16T14:40:17 IST" name="searchTruTime" finished-at="2024-02-16T14:40:32 IST" duration-ms="15640" status="PASS">
          <reporter-output>
          </reporter-output>
        </test-method> <!-- searchTruTime -->
        <test-method signature="validateTruTimePage()[pri:2, instance:testCases.OneCognizant@609cd4d8]" started-at="2024-02-16T14:40:32 IST" name="validateTruTimePage" finished-at="2024-02-16T14:40:43 IST" depends-on-methods="testCases.OneCognizant.searchTruTime" duration-ms="10230" status="PASS">
          <reporter-output>
          </reporter-output>
        </test-method> <!-- validateTruTimePage -->
      </class> <!-- testCases.OneCognizant -->
    </test> <!-- Test1 -->
    <test started-at="2024-02-16T14:40:45 IST" name="Test2" finished-at="2024-02-16T14:41:52 IST" duration-ms="66910">
      <class name="testCases.BeCognizant">
        <test-method signature="getInfo()[pri:1, instance:testCases.BeCognizant@623a8092]" started-at="2024-02-16T14:40:52 IST" name="getInfo" finished-at="2024-02-16T14:41:16 IST" duration-ms="23728" status="PASS">
          <reporter-output>
          </reporter-output>
        </test-method> <!-- getInfo -->
        <test-method signature="verifyOneCogni()[pri:2, instance:testCases.BeCognizant@623a8092]" started-at="2024-02-16T14:41:16 IST" name="verifyOneCogni" finished-at="2024-02-16T14:41:26 IST" depends-on-methods="testCases.BeCognizant.getInfo" duration-ms="10163" status="PASS">
          <reporter-output>
          </reporter-output>
        </test-method> <!-- verifyOneCogni -->
      </class> <!-- testCases.BeCognizant -->
      <class name="testCases.BaseTest">
        <test-method is-config="true" signature="setup(java.lang.String)[pri:0, instance:testCases.BaseTest@548e6d58]" started-at="2024-02-16T14:40:45 IST" name="setup" finished-at="2024-02-16T14:40:52 IST" duration-ms="6527" status="PASS">
          <params>
            <param index="0">
              <value>
                <![CDATA[edge]]>
              </value>
            </param>
          </params>
          <reporter-output>
          </reporter-output>
        </test-method> <!-- setup -->
        <test-method is-config="true" signature="tearDown()[pri:0, instance:testCases.BaseTest@548e6d58]" started-at="2024-02-16T14:41:51 IST" name="tearDown" finished-at="2024-02-16T14:41:52 IST" duration-ms="1184" status="PASS">
          <reporter-output>
          </reporter-output>
        </test-method> <!-- tearDown -->
      </class> <!-- testCases.BaseTest -->
      <class name="testCases.TruTime">
        <test-method signature="validateCurrentMonthAndYear()[pri:1, instance:testCases.TruTime@175b9425]" started-at="2024-02-16T14:41:50 IST" name="validateCurrentMonthAndYear" finished-at="2024-02-16T14:41:50 IST" duration-ms="41" status="PASS">
          <reporter-output>
          </reporter-output>
        </test-method> <!-- validateCurrentMonthAndYear -->
        <test-method signature="validateBackDatedTopUp()[pri:2, instance:testCases.TruTime@175b9425]" started-at="2024-02-16T14:41:50 IST" name="validateBackDatedTopUp" finished-at="2024-02-16T14:41:50 IST" duration-ms="41" status="PASS">
          <reporter-output>
          </reporter-output>
        </test-method> <!-- validateBackDatedTopUp -->
        <test-method signature="printLegends()[pri:3, instance:testCases.TruTime@175b9425]" started-at="2024-02-16T14:41:50 IST" name="printLegends" finished-at="2024-02-16T14:41:51 IST" duration-ms="651" status="PASS">
          <reporter-output>
          </reporter-output>
        </test-method> <!-- printLegends -->
        <test-method signature="validateCurrentHighlightedDate()[pri:4, instance:testCases.TruTime@175b9425]" started-at="2024-02-16T14:41:51 IST" name="validateCurrentHighlightedDate" finished-at="2024-02-16T14:41:51 IST" duration-ms="29" status="PASS">
          <reporter-output>
          </reporter-output>
        </test-method> <!-- validateCurrentHighlightedDate -->
        <test-method signature="validateTruTimeDates()[pri:5, instance:testCases.TruTime@175b9425]" started-at="2024-02-16T14:41:51 IST" name="validateTruTimeDates" finished-at="2024-02-16T14:41:51 IST" duration-ms="129" status="PASS">
          <reporter-output>
          </reporter-output>
        </test-method> <!-- validateTruTimeDates -->
      </class> <!-- testCases.TruTime -->
      <class name="testCases.OneCognizant">
        <test-method signature="searchTruTime()[pri:1, instance:testCases.OneCognizant@a1cdc6d]" started-at="2024-02-16T14:41:26 IST" name="searchTruTime" finished-at="2024-02-16T14:41:40 IST" duration-ms="14197" status="PASS">
          <reporter-output>
          </reporter-output>
        </test-method> <!-- searchTruTime -->
        <test-method signature="validateTruTimePage()[pri:2, instance:testCases.OneCognizant@a1cdc6d]" started-at="2024-02-16T14:41:40 IST" name="validateTruTimePage" finished-at="2024-02-16T14:41:50 IST" depends-on-methods="testCases.OneCognizant.searchTruTime" duration-ms="10199" status="PASS">
          <reporter-output>
          </reporter-output>
        </test-method> <!-- validateTruTimePage -->
      </class> <!-- testCases.OneCognizant -->
    </test> <!-- Test2 -->
  </suite> <!-- Suite -->
</testng-results>
